<?xml version="1.0" encoding="UTF-8"?>
<!-- Generated by org.testng.reporters.JUnitReportReporter -->
<testsuite skipped="3" hostname="Pratyus-MacBook-Pro.local" name="Module_MyXero.MyXero" tests="6" failures="0" timestamp="27 Oct 2018 02:48:03 GMT" time="105.082" errors="0">
  <testcase name="TC18_QuickBooksVersion" time="34.372" classname="Module_MyXero.MyXero"/>
  <testcase name="TC13_AddOrganisation" time="33.447" classname="Module_MyXero.MyXero"/>
  <testcase name="TC14_PaidVersion" time="37.263" classname="Module_MyXero.MyXero"/>
  <testcase name="TC15_PayForStarterVersion" classname="Module_MyXero.MyXero">
    <skipped/>
  </testcase> <!-- TC15_PayForStarterVersion -->
  <testcase name="TC16_PayForStandardVersion" classname="Module_MyXero.MyXero">
    <skipped/>
  </testcase> <!-- TC16_PayForStandardVersion -->
  <testcase name="TC17_PayForPremiumVersion" classname="Module_MyXero.MyXero">
    <skipped/>
  </testcase> <!-- TC17_PayForPremiumVersion -->
</testsuite> <!-- Module_MyXero.MyXero -->
