<?xml version="1.0" encoding="UTF-8"?>
<!-- Generated by org.testng.reporters.JUnitReportReporter -->
<testsuite skipped="0" hostname="Pratyus-MacBook-Pro.local" name="Module_Login.Rough" tests="1" failures="0" timestamp="27 Oct 2018 02:26:39 GMT" time="20.126" errors="0">
  <testcase name="TC08_newOffersLink" time="20.126" classname="Module_Login.Rough"/>
</testsuite> <!-- Module_Login.Rough -->
