<?xml version="1.0" encoding="UTF-8"?>
<!-- Generated by org.testng.reporters.JUnitReportReporter -->
<testsuite hostname="Pratyus-MacBook-Pro.local" failures="0" tests="4" name="Module_Login.LoginPageTestScripts" time="45.930" errors="0" timestamp="20 Oct 2018 22:22:49 GMT" skipped="0">
  <testcase classname="Module_Login.LoginPageTestScripts" name="TC01_validLogin" time="12.269"/>
  <testcase classname="Module_Login.LoginPageTestScripts" name="TC02_incorrectPassword" time="10.910"/>
  <testcase classname="Module_Login.LoginPageTestScripts" name="TC03_IncorrectUserName" time="11.902"/>
  <testcase classname="Module_Login.LoginPageTestScripts" name="TC04_ForgotPassword" time="10.849"/>
</testsuite> <!-- Module_Login.LoginPageTestScripts -->
