<?xml version="1.0" encoding="UTF-8"?>
<!-- Generated by org.testng.reporters.JUnitReportReporter -->
<testsuite hostname="Pratyus-MacBook-Pro.local" failures="0" tests="1" name="xeroAppTesting.SetUp" time="0.007" errors="0" timestamp="19 Oct 2018 17:40:30 GMT" skipped="0">
  <testcase classname="xeroAppTesting.SetUp" name="run" time="0.007"/>
</testsuite> <!-- xeroAppTesting.SetUp -->
