<?xml version="1.0" encoding="UTF-8"?>
<!-- Generated by org.testng.reporters.JUnitReportReporter -->
<testsuite skipped="0" hostname="Pratyus-MacBook-Pro.local" name="Module_Login.LoginPageTestScripts" tests="4" failures="0" timestamp="27 Oct 2018 02:48:03 GMT" time="48.655" errors="0">
  <testcase name="TC02_incorrectPassword" time="12.255" classname="Module_Login.LoginPageTestScripts"/>
  <testcase name="TC01_validLogin" time="12.717" classname="Module_Login.LoginPageTestScripts"/>
  <testcase name="TC03_IncorrectUserName" time="11.806" classname="Module_Login.LoginPageTestScripts"/>
  <testcase name="TC04_ForgotPassword" time="11.877" classname="Module_Login.LoginPageTestScripts"/>
</testsuite> <!-- Module_Login.LoginPageTestScripts -->
